<?xml version="1.0" encoding="UTF-8"?>
<testsuite xmlns:xsi="http://www.w3.org/2001/XMLSchema-instance" xsi:noNamespaceSchemaLocation="https://maven.apache.org/surefire/maven-surefire-plugin/xsd/surefire-test-report-3.0.xsd" version="3.0" name="com.google.cloud.pso.bq_snapshot_manager.entities.BackupPolicyTest" time="0.006" tests="15" errors="0" skipped="0" failures="0">
  <properties>
[...]
</properties>
  <testcase name="testFromMapFromFallbackTagManualSubsequent" classname="com.google.cloud.pso.bq_snapshot_manager.entities.BackupPolicyTest" time="0.001"/>
  <testcase name="testValidate_Required" classname="com.google.cloud.pso.bq_snapshot_manager.entities.BackupPolicyTest" time="0"/>
  <testcase name="testFromMapFromFallbackFalse_exception" classname="com.google.cloud.pso.bq_snapshot_manager.entities.BackupPolicyTest" time="0.001"/>
  <testcase name="testMissingValues" classname="com.google.cloud.pso.bq_snapshot_manager.entities.BackupPolicyTest" time="0"/>
  <testcase name="testValidate_GCSSnapshotCSV" classname="com.google.cloud.pso.bq_snapshot_manager.entities.BackupPolicyTest" time="0.001"/>
  <testcase name="testFromMapFromDCTagManualInitial" classname="com.google.cloud.pso.bq_snapshot_manager.entities.BackupPolicyTest" time="0"/>
  <testcase name="testFromMapFromFallbackTagInitial" classname="com.google.cloud.pso.bq_snapshot_manager.entities.BackupPolicyTest" time="0"/>
  <testcase name="testMissing" classname="com.google.cloud.pso.bq_snapshot_manager.entities.BackupPolicyTest" time="0.001"/>
  <testcase name="testFromJson1" classname="com.google.cloud.pso.bq_snapshot_manager.entities.BackupPolicyTest" time="0"/>
  <testcase name="testFromJson2" classname="com.google.cloud.pso.bq_snapshot_manager.entities.BackupPolicyTest" time="0"/>
  <testcase name="testValidate_GCSSnapshot" classname="com.google.cloud.pso.bq_snapshot_manager.entities.BackupPolicyTest" time="0"/>
  <testcase name="testFromMapFromDCTagManualSubsequent" classname="com.google.cloud.pso.bq_snapshot_manager.entities.BackupPolicyTest" time="0"/>
  <testcase name="testValidate_GCSSnapshotAvro" classname="com.google.cloud.pso.bq_snapshot_manager.entities.BackupPolicyTest" time="0"/>
  <testcase name="testInvalid" classname="com.google.cloud.pso.bq_snapshot_manager.entities.BackupPolicyTest" time="0"/>
  <testcase name="testValidate_BQSnapshot" classname="com.google.cloud.pso.bq_snapshot_manager.entities.BackupPolicyTest" time="0"/>
</testsuite>